<?xml version="1.0" encoding="UTF-8"?>
<!-- Generated by org.testng.reporters.JUnitReportReporter -->
<testsuite skipped="0" hostname="Saurabhs-MacBook-Pro.local" name="UA_MicroService.BFF_Sync_Cucumber_Runner.TestRunner" tests="4" failures="0" timestamp="05 Jun 2020 17:59:54 GMT" time="3.137" errors="0">
  <testcase name="Cucumberfeature" time="1.546" classname="UA_MicroService.BFF_Sync_Cucumber_Runner.TestRunner"/>
  <testcase name="Cucumberfeature" time="0.482" classname="UA_MicroService.BFF_Sync_Cucumber_Runner.TestRunner"/>
  <testcase name="Cucumberfeature" time="0.981" classname="UA_MicroService.BFF_Sync_Cucumber_Runner.TestRunner"/>
  <testcase name="Cucumberfeature" time="0.128" classname="UA_MicroService.BFF_Sync_Cucumber_Runner.TestRunner"/>
</testsuite> <!-- UA_MicroService.BFF_Sync_Cucumber_Runner.TestRunner -->
