<?xml version="1.0" encoding="UTF-8"?>
<!-- Generated by org.testng.reporters.JUnitReportReporter -->
<testsuite skipped="0" hostname="Saurabhs-MacBook-Pro.local" name="UA_MicroService.BFF_Sync_StatusCodeValidation.ValidateStatusCodesForSyncAndBFF" tests="1" failures="0" timestamp="02 Jun 2020 00:31:08 GMT" time="1.240" errors="0">
  <testcase name="getPostsValidationForBFF" time="1.240" classname="UA_MicroService.BFF_Sync_StatusCodeValidation.ValidateStatusCodesForSyncAndBFF"/>
</testsuite> <!-- UA_MicroService.BFF_Sync_StatusCodeValidation.ValidateStatusCodesForSyncAndBFF -->
